This file contains any messages produced by compilers while
running configure, to aid debugging if configure makes a mistake.

It was created by xfsprogs configure 4.14.0, which was
generated by GNU Autoconf 2.69.  Invocation command line was

  $ ./configure 

## --------- ##
## Platform. ##
## --------- ##

hostname = localhost.localdomain
uname -m = x86_64
uname -r = 4.14.13-300.fc27.x86_64
uname -s = Linux
uname -v = #1 SMP Thu Jan 11 04:00:01 UTC 2018

/usr/bin/uname -p = x86_64
/bin/uname -X     = unknown

/bin/arch              = x86_64
/usr/bin/arch -k       = unknown
/usr/convex/getsysinfo = unknown
/usr/bin/hostinfo      = unknown
/bin/machine           = unknown
/usr/bin/oslevel       = unknown
/bin/universe          = unknown

PATH: /usr/kerberos/sbin
PATH: /usr/kerberos/bin
PATH: /usr/local/bin
PATH: /usr/local/sbin
PATH: /usr/bin
PATH: /usr/sbin
PATH: /home/bodonnell/bin
PATH: /home/billodo/bin
PATH: /home/bodonnell/bin


## ----------- ##
## Core tests. ##
## ----------- ##

configure:2529: loading site script /usr/share/config.site
| # This is the config.site file to satisfy FHS defaults when installing below
| # /usr.
| #
| # You may override this file by your config.site using the CONFIG_SITE env
| # variable.
| #
| # Note: This file includes also RHEL/Fedora fix for installing libraries into
| # "/lib/lib64" on 64bit systems.
| 
| if test -n "$host"; then
|     # skip when cross-compiling
|     return 0
| fi
| 
| if test "$prefix" = /usr \
|    || { test "$prefix" = NONE && test "$ac_default_prefix" = /usr ; }
| then
|     test "$sysconfdir" = '${prefix}/etc' && sysconfdir=/etc
|     test "$sharedstatedir" = '${prefix}/com' && sharedstatedir=/var
|     test "$localstatedir" = '${prefix}/var' && localstatedir=/var
| 
|     ARCH=`uname -m`
|     for i in x86_64 ppc64 s390x aarch64; do
|         if test $ARCH = $i; then
|             test "$libdir" = '${exec_prefix}/lib' && libdir='${exec_prefix}/lib64'
|             break
|         fi
|     done
| fi
configure:2675: checking for a BSD-compatible install
configure:2743: result: /usr/bin/install -c
configure:2783: checking build system type
configure:2797: result: x86_64-unknown-linux-gnu
configure:2817: checking host system type
configure:2830: result: x86_64-unknown-linux-gnu
configure:2871: checking how to print strings
configure:2898: result: printf
configure:2967: checking for gcc
configure:2983: found /usr/bin/gcc
configure:2994: result: gcc
configure:3223: checking for C compiler version
configure:3232: gcc --version >&5
gcc (GCC) 7.2.1 20170915 (Red Hat 7.2.1-2)
Copyright (C) 2017 Free Software Foundation, Inc.
This is free software; see the source for copying conditions.  There is NO
warranty; not even for MERCHANTABILITY or FITNESS FOR A PARTICULAR PURPOSE.

configure:3243: $? = 0
configure:3232: gcc -v >&5
Using built-in specs.
COLLECT_GCC=gcc
COLLECT_LTO_WRAPPER=/usr/libexec/gcc/x86_64-redhat-linux/7/lto-wrapper
OFFLOAD_TARGET_NAMES=nvptx-none
OFFLOAD_TARGET_DEFAULT=1
Target: x86_64-redhat-linux
Configured with: ../configure --enable-bootstrap --enable-languages=c,c++,objc,obj-c++,fortran,ada,go,lto --prefix=/usr --mandir=/usr/share/man --infodir=/usr/share/info --with-bugurl=http://bugzilla.redhat.com/bugzilla --enable-shared --enable-threads=posix --enable-checking=release --enable-multilib --with-system-zlib --enable-__cxa_atexit --disable-libunwind-exceptions --enable-gnu-unique-object --enable-linker-build-id --with-gcc-major-version-only --with-linker-hash-style=gnu --enable-plugin --enable-initfini-array --with-isl --enable-libmpx --enable-offload-targets=nvptx-none --without-cuda-driver --enable-gnu-indirect-function --with-tune=generic --with-arch_32=i686 --build=x86_64-redhat-linux
Thread model: posix
gcc version 7.2.1 20170915 (Red Hat 7.2.1-2) (GCC) 
configure:3243: $? = 0
configure:3232: gcc -V >&5
gcc: error: unrecognized command line option '-V'
gcc: fatal error: no input files
compilation terminated.
configure:3243: $? = 1
configure:3232: gcc -qversion >&5
gcc: error: unrecognized command line option '-qversion'; did you mean '--version'?
gcc: fatal error: no input files
compilation terminated.
configure:3243: $? = 1
configure:3263: checking whether the C compiler works
configure:3285: gcc    conftest.c  >&5
configure:3289: $? = 0
configure:3337: result: yes
configure:3340: checking for C compiler default output file name
configure:3342: result: a.out
configure:3348: checking for suffix of executables
configure:3355: gcc -o conftest    conftest.c  >&5
configure:3359: $? = 0
configure:3381: result: 
configure:3403: checking whether we are cross compiling
configure:3411: gcc -o conftest    conftest.c  >&5
configure:3415: $? = 0
configure:3422: ./conftest
configure:3426: $? = 0
configure:3441: result: no
configure:3446: checking for suffix of object files
configure:3468: gcc -c   conftest.c >&5
configure:3472: $? = 0
configure:3493: result: o
configure:3497: checking whether we are using the GNU C compiler
configure:3516: gcc -c   conftest.c >&5
configure:3516: $? = 0
configure:3525: result: yes
configure:3534: checking whether gcc accepts -g
configure:3554: gcc -c -g  conftest.c >&5
configure:3554: $? = 0
configure:3595: result: yes
configure:3612: checking for gcc option to accept ISO C89
configure:3675: gcc  -c -g -O2  conftest.c >&5
configure:3675: $? = 0
configure:3688: result: none needed
configure:3708: checking for a sed that does not truncate output
configure:3772: result: /usr/bin/sed
configure:3790: checking for grep that handles long lines and -e
configure:3848: result: /usr/bin/grep
configure:3853: checking for egrep
configure:3915: result: /usr/bin/grep -E
configure:3920: checking for fgrep
configure:3982: result: /usr/bin/grep -F
configure:4017: checking for ld used by gcc
configure:4084: result: /usr/bin/ld
configure:4091: checking if the linker (/usr/bin/ld) is GNU ld
configure:4106: result: yes
configure:4118: checking for BSD- or MS-compatible name lister (nm)
configure:4172: result: /usr/bin/nm -B
configure:4302: checking the name lister (/usr/bin/nm -B) interface
configure:4309: gcc -c -g -O2  conftest.c >&5
configure:4312: /usr/bin/nm -B "conftest.o"
configure:4315: output
0000000000000000 B some_variable
configure:4322: result: BSD nm
configure:4325: checking whether ln -s works
configure:4329: result: yes
configure:4337: checking the maximum length of command line arguments
configure:4468: result: 1572864
configure:4516: checking how to convert x86_64-unknown-linux-gnu file names to x86_64-unknown-linux-gnu format
configure:4556: result: func_convert_file_noop
configure:4563: checking how to convert x86_64-unknown-linux-gnu file names to toolchain format
configure:4583: result: func_convert_file_noop
configure:4590: checking for /usr/bin/ld option to reload object files
configure:4597: result: -r
configure:4671: checking for objdump
configure:4687: found /usr/bin/objdump
configure:4698: result: objdump
configure:4730: checking how to recognize dependent libraries
configure:4930: result: pass_all
configure:5015: checking for dlltool
configure:5045: result: no
configure:5075: checking how to associate runtime and link libraries
configure:5102: result: printf %s\n
configure:5163: checking for ar
configure:5179: found /usr/bin/ar
configure:5190: result: ar
configure:5227: checking for archiver @FILE support
configure:5244: gcc -c -g -O2  conftest.c >&5
configure:5244: $? = 0
configure:5247: ar cru libconftest.a @conftest.lst >&5
configure:5250: $? = 0
configure:5255: ar cru libconftest.a @conftest.lst >&5
ar: conftest.o: No such file or directory
configure:5258: $? = 1
configure:5270: result: @
configure:5328: checking for strip
configure:5344: found /usr/bin/strip
configure:5355: result: strip
configure:5427: checking for ranlib
configure:5443: found /usr/bin/ranlib
configure:5454: result: ranlib
configure:5531: checking for gawk
configure:5547: found /usr/bin/gawk
configure:5558: result: gawk
configure:5598: checking command to parse /usr/bin/nm -B output from gcc object
configure:5751: gcc -c -g -O2  conftest.c >&5
configure:5754: $? = 0
configure:5758: /usr/bin/nm -B conftest.o \| sed -n -e 's/^.*[ ]\([ABCDGIRSTW][ABCDGIRSTW]*\)[ ][ ]*\([_A-Za-z][_A-Za-z0-9]*\)$/\1 \2 \2/p' | sed '/ __gnu_lto/d' \> conftest.nm
configure:5761: $? = 0
configure:5827: gcc -o conftest -g -O2   conftest.c conftstm.o >&5
configure:5830: $? = 0
configure:5868: result: ok
configure:5915: checking for sysroot
configure:5945: result: no
configure:5952: checking for a working dd
configure:5990: result: /usr/bin/dd
configure:5994: checking how to truncate binary pipes
configure:6009: result: /usr/bin/dd bs=4096 count=1
configure:6145: gcc -c -g -O2  conftest.c >&5
configure:6148: $? = 0
configure:6338: checking for mt
configure:6368: result: no
configure:6388: checking if : is a manifest tool
configure:6394: : '-?'
configure:6402: result: no
configure:7079: checking how to run the C preprocessor
configure:7110: gcc -E  conftest.c
configure:7110: $? = 0
configure:7124: gcc -E  conftest.c
conftest.c:9:10: fatal error: ac_nonexistent.h: No such file or directory
 #include <ac_nonexistent.h>
          ^~~~~~~~~~~~~~~~~~
compilation terminated.
configure:7124: $? = 1
configure: failed program was:
| /* confdefs.h */
| #define PACKAGE_NAME "xfsprogs"
| #define PACKAGE_TARNAME "xfsprogs"
| #define PACKAGE_VERSION "4.14.0"
| #define PACKAGE_STRING "xfsprogs 4.14.0"
| #define PACKAGE_BUGREPORT "linux-xfs@vger.kernel.org"
| #define PACKAGE_URL ""
| /* end confdefs.h.  */
| #include <ac_nonexistent.h>
configure:7149: result: gcc -E
configure:7169: gcc -E  conftest.c
configure:7169: $? = 0
configure:7183: gcc -E  conftest.c
conftest.c:9:10: fatal error: ac_nonexistent.h: No such file or directory
 #include <ac_nonexistent.h>
          ^~~~~~~~~~~~~~~~~~
compilation terminated.
configure:7183: $? = 1
configure: failed program was:
| /* confdefs.h */
| #define PACKAGE_NAME "xfsprogs"
| #define PACKAGE_TARNAME "xfsprogs"
| #define PACKAGE_VERSION "4.14.0"
| #define PACKAGE_STRING "xfsprogs 4.14.0"
| #define PACKAGE_BUGREPORT "linux-xfs@vger.kernel.org"
| #define PACKAGE_URL ""
| /* end confdefs.h.  */
| #include <ac_nonexistent.h>
configure:7212: checking for ANSI C header files
configure:7232: gcc -c -g -O2  conftest.c >&5
configure:7232: $? = 0
configure:7305: gcc -o conftest -g -O2   conftest.c  >&5
configure:7305: $? = 0
configure:7305: ./conftest
configure:7305: $? = 0
configure:7316: result: yes
configure:7329: checking for sys/types.h
configure:7329: gcc -c -g -O2  conftest.c >&5
configure:7329: $? = 0
configure:7329: result: yes
configure:7329: checking for sys/stat.h
configure:7329: gcc -c -g -O2  conftest.c >&5
configure:7329: $? = 0
configure:7329: result: yes
configure:7329: checking for stdlib.h
configure:7329: gcc -c -g -O2  conftest.c >&5
configure:7329: $? = 0
configure:7329: result: yes
configure:7329: checking for string.h
configure:7329: gcc -c -g -O2  conftest.c >&5
configure:7329: $? = 0
configure:7329: result: yes
configure:7329: checking for memory.h
configure:7329: gcc -c -g -O2  conftest.c >&5
configure:7329: $? = 0
configure:7329: result: yes
configure:7329: checking for strings.h
configure:7329: gcc -c -g -O2  conftest.c >&5
configure:7329: $? = 0
configure:7329: result: yes
configure:7329: checking for inttypes.h
configure:7329: gcc -c -g -O2  conftest.c >&5
configure:7329: $? = 0
configure:7329: result: yes
configure:7329: checking for stdint.h
configure:7329: gcc -c -g -O2  conftest.c >&5
configure:7329: $? = 0
configure:7329: result: yes
configure:7329: checking for unistd.h
configure:7329: gcc -c -g -O2  conftest.c >&5
configure:7329: $? = 0
configure:7329: result: yes
configure:7343: checking for dlfcn.h
configure:7343: gcc -c -g -O2  conftest.c >&5
configure:7343: $? = 0
configure:7343: result: yes
configure:7599: checking for objdir
configure:7614: result: .libs
configure:7878: checking if gcc supports -fno-rtti -fno-exceptions
configure:7896: gcc -c -g -O2  -fno-rtti -fno-exceptions conftest.c >&5
cc1: warning: command line option '-fno-rtti' is valid for C++/ObjC++ but not for C
configure:7900: $? = 0
configure:7913: result: no
configure:8271: checking for gcc option to produce PIC
configure:8278: result: -fPIC -DPIC
configure:8286: checking if gcc PIC flag -fPIC -DPIC works
configure:8304: gcc -c -g -O2  -fPIC -DPIC -DPIC conftest.c >&5
configure:8308: $? = 0
configure:8321: result: yes
configure:8350: checking if gcc static flag -static works
configure:8378: result: no
configure:8393: checking if gcc supports -c -o file.o
configure:8414: gcc -c -g -O2  -o out/conftest2.o conftest.c >&5
configure:8418: $? = 0
configure:8440: result: yes
configure:8448: checking if gcc supports -c -o file.o
configure:8495: result: yes
configure:8528: checking whether the gcc linker (/usr/bin/ld -m elf_x86_64) supports shared libraries
configure:9787: result: yes
configure:9824: checking whether -lc should be explicitly linked in
configure:9832: gcc -c -g -O2  conftest.c >&5
configure:9835: $? = 0
configure:9850: gcc -shared  -fPIC -DPIC conftest.o  -v -Wl,-soname -Wl,conftest -o conftest 2\>\&1 \| /usr/bin/grep  -lc  \>/dev/null 2\>\&1
configure:9853: $? = 0
configure:9867: result: no
configure:10027: checking dynamic linker characteristics
configure:10608: gcc -o conftest -g -O2   -Wl,-rpath -Wl,/foo conftest.c  >&5
configure:10608: $? = 0
configure:10848: result: GNU/Linux ld.so
configure:10970: checking how to hardcode library paths into programs
configure:10995: result: immediate
configure:11543: checking whether stripping libraries is possible
configure:11548: result: yes
configure:11583: checking if libtool supports shared libraries
configure:11585: result: yes
configure:11588: checking whether to build shared libraries
configure:11613: result: yes
configure:11616: checking whether to build static libraries
configure:11620: result: yes
configure:11706: checking for gcc
configure:11733: result: gcc
configure:11962: checking for C compiler version
configure:11971: gcc --version >&5
gcc (GCC) 7.2.1 20170915 (Red Hat 7.2.1-2)
Copyright (C) 2017 Free Software Foundation, Inc.
This is free software; see the source for copying conditions.  There is NO
warranty; not even for MERCHANTABILITY or FITNESS FOR A PARTICULAR PURPOSE.

configure:11982: $? = 0
configure:11971: gcc -v >&5
Using built-in specs.
COLLECT_GCC=gcc
COLLECT_LTO_WRAPPER=/usr/libexec/gcc/x86_64-redhat-linux/7/lto-wrapper
OFFLOAD_TARGET_NAMES=nvptx-none
OFFLOAD_TARGET_DEFAULT=1
Target: x86_64-redhat-linux
Configured with: ../configure --enable-bootstrap --enable-languages=c,c++,objc,obj-c++,fortran,ada,go,lto --prefix=/usr --mandir=/usr/share/man --infodir=/usr/share/info --with-bugurl=http://bugzilla.redhat.com/bugzilla --enable-shared --enable-threads=posix --enable-checking=release --enable-multilib --with-system-zlib --enable-__cxa_atexit --disable-libunwind-exceptions --enable-gnu-unique-object --enable-linker-build-id --with-gcc-major-version-only --with-linker-hash-style=gnu --enable-plugin --enable-initfini-array --with-isl --enable-libmpx --enable-offload-targets=nvptx-none --without-cuda-driver --enable-gnu-indirect-function --with-tune=generic --with-arch_32=i686 --build=x86_64-redhat-linux
Thread model: posix
gcc version 7.2.1 20170915 (Red Hat 7.2.1-2) (GCC) 
configure:11982: $? = 0
configure:11971: gcc -V >&5
gcc: error: unrecognized command line option '-V'
gcc: fatal error: no input files
compilation terminated.
configure:11982: $? = 1
configure:11971: gcc -qversion >&5
gcc: error: unrecognized command line option '-qversion'; did you mean '--version'?
gcc: fatal error: no input files
compilation terminated.
configure:11982: $? = 1
configure:11986: checking whether we are using the GNU C compiler
configure:12014: result: yes
configure:12023: checking whether gcc accepts -g
configure:12084: result: yes
configure:12101: checking for gcc option to accept ISO C89
configure:12177: result: none needed
configure:12450: checking for gcc
configure:12477: result: gcc
configure:12706: checking for C compiler version
configure:12715: gcc --version >&5
gcc (GCC) 7.2.1 20170915 (Red Hat 7.2.1-2)
Copyright (C) 2017 Free Software Foundation, Inc.
This is free software; see the source for copying conditions.  There is NO
warranty; not even for MERCHANTABILITY or FITNESS FOR A PARTICULAR PURPOSE.

configure:12726: $? = 0
configure:12715: gcc -v >&5
Using built-in specs.
COLLECT_GCC=gcc
COLLECT_LTO_WRAPPER=/usr/libexec/gcc/x86_64-redhat-linux/7/lto-wrapper
OFFLOAD_TARGET_NAMES=nvptx-none
OFFLOAD_TARGET_DEFAULT=1
Target: x86_64-redhat-linux
Configured with: ../configure --enable-bootstrap --enable-languages=c,c++,objc,obj-c++,fortran,ada,go,lto --prefix=/usr --mandir=/usr/share/man --infodir=/usr/share/info --with-bugurl=http://bugzilla.redhat.com/bugzilla --enable-shared --enable-threads=posix --enable-checking=release --enable-multilib --with-system-zlib --enable-__cxa_atexit --disable-libunwind-exceptions --enable-gnu-unique-object --enable-linker-build-id --with-gcc-major-version-only --with-linker-hash-style=gnu --enable-plugin --enable-initfini-array --with-isl --enable-libmpx --enable-offload-targets=nvptx-none --without-cuda-driver --enable-gnu-indirect-function --with-tune=generic --with-arch_32=i686 --build=x86_64-redhat-linux
Thread model: posix
gcc version 7.2.1 20170915 (Red Hat 7.2.1-2) (GCC) 
configure:12726: $? = 0
configure:12715: gcc -V >&5
gcc: error: unrecognized command line option '-V'
gcc: fatal error: no input files
compilation terminated.
configure:12726: $? = 1
configure:12715: gcc -qversion >&5
gcc: error: unrecognized command line option '-qversion'; did you mean '--version'?
gcc: fatal error: no input files
compilation terminated.
configure:12726: $? = 1
configure:12730: checking whether we are using the GNU C compiler
configure:12758: result: yes
configure:12767: checking whether gcc accepts -g
configure:12828: result: yes
configure:12845: checking for gcc option to accept ISO C89
configure:12921: result: none needed
configure:13023: checking for gcc
configure:13050: result: gcc
configure:13279: checking for C compiler version
configure:13288: gcc --version >&5
gcc (GCC) 7.2.1 20170915 (Red Hat 7.2.1-2)
Copyright (C) 2017 Free Software Foundation, Inc.
This is free software; see the source for copying conditions.  There is NO
warranty; not even for MERCHANTABILITY or FITNESS FOR A PARTICULAR PURPOSE.

configure:13299: $? = 0
configure:13288: gcc -v >&5
Using built-in specs.
COLLECT_GCC=gcc
COLLECT_LTO_WRAPPER=/usr/libexec/gcc/x86_64-redhat-linux/7/lto-wrapper
OFFLOAD_TARGET_NAMES=nvptx-none
OFFLOAD_TARGET_DEFAULT=1
Target: x86_64-redhat-linux
Configured with: ../configure --enable-bootstrap --enable-languages=c,c++,objc,obj-c++,fortran,ada,go,lto --prefix=/usr --mandir=/usr/share/man --infodir=/usr/share/info --with-bugurl=http://bugzilla.redhat.com/bugzilla --enable-shared --enable-threads=posix --enable-checking=release --enable-multilib --with-system-zlib --enable-__cxa_atexit --disable-libunwind-exceptions --enable-gnu-unique-object --enable-linker-build-id --with-gcc-major-version-only --with-linker-hash-style=gnu --enable-plugin --enable-initfini-array --with-isl --enable-libmpx --enable-offload-targets=nvptx-none --without-cuda-driver --enable-gnu-indirect-function --with-tune=generic --with-arch_32=i686 --build=x86_64-redhat-linux
Thread model: posix
gcc version 7.2.1 20170915 (Red Hat 7.2.1-2) (GCC) 
configure:13299: $? = 0
configure:13288: gcc -V >&5
gcc: error: unrecognized command line option '-V'
gcc: fatal error: no input files
compilation terminated.
configure:13299: $? = 1
configure:13288: gcc -qversion >&5
gcc: error: unrecognized command line option '-qversion'; did you mean '--version'?
gcc: fatal error: no input files
compilation terminated.
configure:13299: $? = 1
configure:13303: checking whether we are using the GNU C compiler
configure:13331: result: yes
configure:13340: checking whether gcc accepts -g
configure:13401: result: yes
configure:13418: checking for gcc option to accept ISO C89
configure:13494: result: none needed
configure:13527: checking for gmake
configure:13545: found /usr/bin/gmake
configure:13557: result: /usr/bin/gmake
configure:13621: checking for tar
configure:13639: found /usr/bin/tar
configure:13651: result: /usr/bin/tar
configure:13665: checking for gzip
configure:13683: found /usr/bin/gzip
configure:13695: result: /usr/bin/gzip
configure:13708: checking whether gcc -MM is supported
configure:13724: result: yes
configure:13874: checking for sort
configure:13893: found /bin/sort
configure:13905: result: /bin/sort
configure:13917: checking whether ln -s works
configure:13921: result: yes
configure:13933: checking for msgfmt
configure:13951: found /usr/bin/msgfmt
configure:13963: result: /usr/bin/msgfmt
configure:13985: checking for msgmerge
configure:14003: found /usr/bin/msgmerge
configure:14015: result: /usr/bin/msgmerge
configure:14037: checking for xgettext
configure:14055: found /usr/bin/xgettext
configure:14067: result: /usr/bin/xgettext
configure:14090: checking for rpm
configure:14108: found /usr/bin/rpm
configure:14120: result: /usr/bin/rpm
configure:14139: checking for rpmbuild
configure:14157: found /usr/bin/rpmbuild
configure:14169: result: /usr/bin/rpmbuild
configure:14216: checking uuid.h usability
configure:14216: gcc -c -g -O2  conftest.c >&5
conftest.c:54:10: fatal error: uuid.h: No such file or directory
 #include <uuid.h>
          ^~~~~~~~
compilation terminated.
configure:14216: $? = 1
configure: failed program was:
| /* confdefs.h */
| #define PACKAGE_NAME "xfsprogs"
| #define PACKAGE_TARNAME "xfsprogs"
| #define PACKAGE_VERSION "4.14.0"
| #define PACKAGE_STRING "xfsprogs 4.14.0"
| #define PACKAGE_BUGREPORT "linux-xfs@vger.kernel.org"
| #define PACKAGE_URL ""
| #define STDC_HEADERS 1
| #define HAVE_SYS_TYPES_H 1
| #define HAVE_SYS_STAT_H 1
| #define HAVE_STDLIB_H 1
| #define HAVE_STRING_H 1
| #define HAVE_MEMORY_H 1
| #define HAVE_STRINGS_H 1
| #define HAVE_INTTYPES_H 1
| #define HAVE_STDINT_H 1
| #define HAVE_UNISTD_H 1
| #define HAVE_DLFCN_H 1
| #define LT_OBJDIR ".libs/"
| /* end confdefs.h.  */
| #include <stdio.h>
| #ifdef HAVE_SYS_TYPES_H
| # include <sys/types.h>
| #endif
| #ifdef HAVE_SYS_STAT_H
| # include <sys/stat.h>
| #endif
| #ifdef STDC_HEADERS
| # include <stdlib.h>
| # include <stddef.h>
| #else
| # ifdef HAVE_STDLIB_H
| #  include <stdlib.h>
| # endif
| #endif
| #ifdef HAVE_STRING_H
| # if !defined STDC_HEADERS && defined HAVE_MEMORY_H
| #  include <memory.h>
| # endif
| # include <string.h>
| #endif
| #ifdef HAVE_STRINGS_H
| # include <strings.h>
| #endif
| #ifdef HAVE_INTTYPES_H
| # include <inttypes.h>
| #endif
| #ifdef HAVE_STDINT_H
| # include <stdint.h>
| #endif
| #ifdef HAVE_UNISTD_H
| # include <unistd.h>
| #endif
| #include <uuid.h>
configure:14216: result: no
configure:14216: checking uuid.h presence
configure:14216: gcc -E  conftest.c
conftest.c:21:10: fatal error: uuid.h: No such file or directory
 #include <uuid.h>
          ^~~~~~~~
compilation terminated.
configure:14216: $? = 1
configure: failed program was:
| /* confdefs.h */
| #define PACKAGE_NAME "xfsprogs"
| #define PACKAGE_TARNAME "xfsprogs"
| #define PACKAGE_VERSION "4.14.0"
| #define PACKAGE_STRING "xfsprogs 4.14.0"
| #define PACKAGE_BUGREPORT "linux-xfs@vger.kernel.org"
| #define PACKAGE_URL ""
| #define STDC_HEADERS 1
| #define HAVE_SYS_TYPES_H 1
| #define HAVE_SYS_STAT_H 1
| #define HAVE_STDLIB_H 1
| #define HAVE_STRING_H 1
| #define HAVE_MEMORY_H 1
| #define HAVE_STRINGS_H 1
| #define HAVE_INTTYPES_H 1
| #define HAVE_STDINT_H 1
| #define HAVE_UNISTD_H 1
| #define HAVE_DLFCN_H 1
| #define LT_OBJDIR ".libs/"
| /* end confdefs.h.  */
| #include <uuid.h>
configure:14216: result: no
configure:14216: checking for uuid.h
configure:14216: result: no
configure:14216: checking sys/uuid.h usability
configure:14216: gcc -c -g -O2  conftest.c >&5
conftest.c:54:10: fatal error: sys/uuid.h: No such file or directory
 #include <sys/uuid.h>
          ^~~~~~~~~~~~
compilation terminated.
configure:14216: $? = 1
configure: failed program was:
| /* confdefs.h */
| #define PACKAGE_NAME "xfsprogs"
| #define PACKAGE_TARNAME "xfsprogs"
| #define PACKAGE_VERSION "4.14.0"
| #define PACKAGE_STRING "xfsprogs 4.14.0"
| #define PACKAGE_BUGREPORT "linux-xfs@vger.kernel.org"
| #define PACKAGE_URL ""
| #define STDC_HEADERS 1
| #define HAVE_SYS_TYPES_H 1
| #define HAVE_SYS_STAT_H 1
| #define HAVE_STDLIB_H 1
| #define HAVE_STRING_H 1
| #define HAVE_MEMORY_H 1
| #define HAVE_STRINGS_H 1
| #define HAVE_INTTYPES_H 1
| #define HAVE_STDINT_H 1
| #define HAVE_UNISTD_H 1
| #define HAVE_DLFCN_H 1
| #define LT_OBJDIR ".libs/"
| /* end confdefs.h.  */
| #include <stdio.h>
| #ifdef HAVE_SYS_TYPES_H
| # include <sys/types.h>
| #endif
| #ifdef HAVE_SYS_STAT_H
| # include <sys/stat.h>
| #endif
| #ifdef STDC_HEADERS
| # include <stdlib.h>
| # include <stddef.h>
| #else
| # ifdef HAVE_STDLIB_H
| #  include <stdlib.h>
| # endif
| #endif
| #ifdef HAVE_STRING_H
| # if !defined STDC_HEADERS && defined HAVE_MEMORY_H
| #  include <memory.h>
| # endif
| # include <string.h>
| #endif
| #ifdef HAVE_STRINGS_H
| # include <strings.h>
| #endif
| #ifdef HAVE_INTTYPES_H
| # include <inttypes.h>
| #endif
| #ifdef HAVE_STDINT_H
| # include <stdint.h>
| #endif
| #ifdef HAVE_UNISTD_H
| # include <unistd.h>
| #endif
| #include <sys/uuid.h>
configure:14216: result: no
configure:14216: checking sys/uuid.h presence
configure:14216: gcc -E  conftest.c
conftest.c:21:10: fatal error: sys/uuid.h: No such file or directory
 #include <sys/uuid.h>
          ^~~~~~~~~~~~
compilation terminated.
configure:14216: $? = 1
configure: failed program was:
| /* confdefs.h */
| #define PACKAGE_NAME "xfsprogs"
| #define PACKAGE_TARNAME "xfsprogs"
| #define PACKAGE_VERSION "4.14.0"
| #define PACKAGE_STRING "xfsprogs 4.14.0"
| #define PACKAGE_BUGREPORT "linux-xfs@vger.kernel.org"
| #define PACKAGE_URL ""
| #define STDC_HEADERS 1
| #define HAVE_SYS_TYPES_H 1
| #define HAVE_SYS_STAT_H 1
| #define HAVE_STDLIB_H 1
| #define HAVE_STRING_H 1
| #define HAVE_MEMORY_H 1
| #define HAVE_STRINGS_H 1
| #define HAVE_INTTYPES_H 1
| #define HAVE_STDINT_H 1
| #define HAVE_UNISTD_H 1
| #define HAVE_DLFCN_H 1
| #define LT_OBJDIR ".libs/"
| /* end confdefs.h.  */
| #include <sys/uuid.h>
configure:14216: result: no
configure:14216: checking for sys/uuid.h
configure:14216: result: no
configure:14216: checking uuid/uuid.h usability
configure:14216: gcc -c -g -O2  conftest.c >&5
configure:14216: $? = 0
configure:14216: result: yes
configure:14216: checking uuid/uuid.h presence
configure:14216: gcc -E  conftest.c
configure:14216: $? = 0
configure:14216: result: yes
configure:14216: checking for uuid/uuid.h
configure:14216: result: yes
configure:14237: checking for uuid_compare
configure:14237: gcc -o conftest -g -O2   conftest.c  >&5
/tmp/ccpbyXpr.o: In function `main':
/home/billodo/devel/xfsprogs-dev/conftest.c:56: undefined reference to `uuid_compare'
collect2: error: ld returned 1 exit status
configure:14237: $? = 1
configure: failed program was:
| /* confdefs.h */
| #define PACKAGE_NAME "xfsprogs"
| #define PACKAGE_TARNAME "xfsprogs"
| #define PACKAGE_VERSION "4.14.0"
| #define PACKAGE_STRING "xfsprogs 4.14.0"
| #define PACKAGE_BUGREPORT "linux-xfs@vger.kernel.org"
| #define PACKAGE_URL ""
| #define STDC_HEADERS 1
| #define HAVE_SYS_TYPES_H 1
| #define HAVE_SYS_STAT_H 1
| #define HAVE_STDLIB_H 1
| #define HAVE_STRING_H 1
| #define HAVE_MEMORY_H 1
| #define HAVE_STRINGS_H 1
| #define HAVE_INTTYPES_H 1
| #define HAVE_STDINT_H 1
| #define HAVE_UNISTD_H 1
| #define HAVE_DLFCN_H 1
| #define LT_OBJDIR ".libs/"
| #define HAVE_UUID_UUID_H 1
| /* end confdefs.h.  */
| /* Define uuid_compare to an innocuous variant, in case <limits.h> declares uuid_compare.
|    For example, HP-UX 11i <limits.h> declares gettimeofday.  */
| #define uuid_compare innocuous_uuid_compare
| 
| /* System header to define __stub macros and hopefully few prototypes,
|     which can conflict with char uuid_compare (); below.
|     Prefer <limits.h> to <assert.h> if __STDC__ is defined, since
|     <limits.h> exists even on freestanding compilers.  */
| 
| #ifdef __STDC__
| # include <limits.h>
| #else
| # include <assert.h>
| #endif
| 
| #undef uuid_compare
| 
| /* Override any GCC internal prototype to avoid an error.
|    Use char because int might match the return type of a GCC
|    builtin and then its argument prototype would still apply.  */
| #ifdef __cplusplus
| extern "C"
| #endif
| char uuid_compare ();
| /* The GNU C library defines this for functions which it implements
|     to always fail with ENOSYS.  Some functions are actually named
|     something starting with __ and the normal name is an alias.  */
| #if defined __stub_uuid_compare || defined __stub___uuid_compare
| choke me
| #endif
| 
| int
| main ()
| {
| return uuid_compare ();
|   ;
|   return 0;
| }
configure:14237: result: no
configure:14249: checking for uuid_compare in -luuid
configure:14274: gcc -o conftest -g -O2   conftest.c -luuid   >&5
configure:14274: $? = 0
configure:14283: result: yes
configure:14307: checking pthread.h usability
configure:14307: gcc -c -g -O2  conftest.c >&5
configure:14307: $? = 0
configure:14307: result: yes
configure:14307: checking pthread.h presence
configure:14307: gcc -E  conftest.c
configure:14307: $? = 0
configure:14307: result: yes
configure:14307: checking for pthread.h
configure:14307: result: yes
configure:14337: checking for pthread_mutex_init in -lpthread
configure:14362: gcc -o conftest -g -O2   conftest.c -lpthread  -luuid  >&5
configure:14362: $? = 0
configure:14371: result: yes
configure:14392: checking for fadvise 
configure:14410: gcc -c -g -O2  conftest.c >&5
configure:14410: $? = 0
configure:14412: result: yes
configure:14421: checking for madvise 
configure:14439: gcc -c -g -O2  conftest.c >&5
configure:14439: $? = 0
configure:14441: result: yes
configure:14450: checking for mincore 
configure:14468: gcc -c -g -O2  conftest.c >&5
configure:14468: $? = 0
configure:14470: result: yes
configure:14479: checking for sendfile 
configure:14497: gcc -c -g -O2  conftest.c >&5
configure:14497: $? = 0
configure:14499: result: yes
configure:14508: checking for getmntent 
configure:14526: gcc -c -g -O2  conftest.c >&5
configure:14526: $? = 0
configure:14528: result: yes
configure:14537: checking for getmntinfo 
configure:14556: gcc -c -g -O2  conftest.c >&5
conftest.c:27:10: fatal error: sys/ucred.h: No such file or directory
 #include <sys/ucred.h>
          ^~~~~~~~~~~~~
compilation terminated.
configure:14556: $? = 1
configure: failed program was:
| /* confdefs.h */
| #define PACKAGE_NAME "xfsprogs"
| #define PACKAGE_TARNAME "xfsprogs"
| #define PACKAGE_VERSION "4.14.0"
| #define PACKAGE_STRING "xfsprogs 4.14.0"
| #define PACKAGE_BUGREPORT "linux-xfs@vger.kernel.org"
| #define PACKAGE_URL ""
| #define STDC_HEADERS 1
| #define HAVE_SYS_TYPES_H 1
| #define HAVE_SYS_STAT_H 1
| #define HAVE_STDLIB_H 1
| #define HAVE_STRING_H 1
| #define HAVE_MEMORY_H 1
| #define HAVE_STRINGS_H 1
| #define HAVE_INTTYPES_H 1
| #define HAVE_STDINT_H 1
| #define HAVE_UNISTD_H 1
| #define HAVE_DLFCN_H 1
| #define LT_OBJDIR ".libs/"
| #define HAVE_UUID_UUID_H 1
| #define HAVE_LIBUUID 1
| #define HAVE_PTHREAD_H 1
| #define HAVE_LIBPTHREAD 1
| /* end confdefs.h.  */
| 
| #include <sys/param.h>
| #include <sys/ucred.h>
| #include <sys/mount.h>
| 
| int
| main ()
| {
| 
|          getmntinfo(0, 0);
| 
|   ;
|   return 0;
| }
configure:14561: result: no
configure:14567: checking for fallocate
configure:14586: gcc -o conftest -g -O2   conftest.c -lpthread -luuid  >&5
configure:14586: $? = 0
configure:14588: result: yes
configure:14598: checking for fiemap
configure:14618: gcc -o conftest -g -O2   conftest.c -lpthread -luuid  >&5
conftest.c: In function 'main':
conftest.c:35:10: warning: implicit declaration of function 'ioctl' [-Wimplicit-function-declaration]
          ioctl(0, FS_IOC_FIEMAP, (unsigned long)fiemap);
          ^~~~~
configure:14618: $? = 0
configure:14620: result: yes
configure:14630: checking for pwritev2
configure:14648: gcc -o conftest -g -O2   conftest.c -lpthread -luuid  >&5
In file included from /usr/include/sys/uio.h:21:0,
                 from conftest.c:27:
/usr/include/features.h:183:3: warning: #warning "_BSD_SOURCE and _SVID_SOURCE are deprecated, use _DEFAULT_SOURCE" [-Wcpp]
 # warning "_BSD_SOURCE and _SVID_SOURCE are deprecated, use _DEFAULT_SOURCE"
   ^~~~~~~
conftest.c: In function 'main':
conftest.c:33:10: warning: implicit declaration of function 'pwritev2'; did you mean 'pwritev'? [-Wimplicit-function-declaration]
          pwritev2(0, 0, 0, 0, 0);
          ^~~~~~~~
          pwritev
configure:14648: $? = 0
configure:14650: result: yes
configure:14660: checking for preadv
configure:14679: gcc -o conftest -g -O2   conftest.c -lpthread -luuid  >&5
configure:14679: $? = 0
configure:14681: result: yes
configure:14691: checking for copy_file_range
configure:14710: gcc -o conftest -g -O2   conftest.c -lpthread -luuid  >&5
configure:14710: $? = 0
configure:14712: result: yes
configure:14722: checking for sync_file_range
configure:14740: gcc -o conftest -g -O2   conftest.c -lpthread -luuid  >&5
configure:14740: $? = 0
configure:14742: result: yes
configure:14752: checking for syncfs
configure:14770: gcc -o conftest -g -O2   conftest.c -lpthread -luuid  >&5
configure:14770: $? = 0
configure:14772: result: yes
configure:14784: checking mntent.h usability
configure:14784: gcc -c -g -O2  conftest.c >&5
configure:14784: $? = 0
configure:14784: result: yes
configure:14784: checking mntent.h presence
configure:14784: gcc -E  conftest.c
configure:14784: $? = 0
configure:14784: result: yes
configure:14784: checking for mntent.h
configure:14784: result: yes
configure:14796: checking whether fls is declared
configure:14796: gcc -c -g -O2  conftest.c >&5
conftest.c: In function 'main':
conftest.c:36:10: error: 'fls' undeclared (first use in this function); did you mean 'ffs'?
   (void) fls;
          ^~~
          ffs
conftest.c:36:10: note: each undeclared identifier is reported only once for each function it appears in
configure:14796: $? = 1
configure: failed program was:
| /* confdefs.h */
| #define PACKAGE_NAME "xfsprogs"
| #define PACKAGE_TARNAME "xfsprogs"
| #define PACKAGE_VERSION "4.14.0"
| #define PACKAGE_STRING "xfsprogs 4.14.0"
| #define PACKAGE_BUGREPORT "linux-xfs@vger.kernel.org"
| #define PACKAGE_URL ""
| #define STDC_HEADERS 1
| #define HAVE_SYS_TYPES_H 1
| #define HAVE_SYS_STAT_H 1
| #define HAVE_STDLIB_H 1
| #define HAVE_STRING_H 1
| #define HAVE_MEMORY_H 1
| #define HAVE_STRINGS_H 1
| #define HAVE_INTTYPES_H 1
| #define HAVE_STDINT_H 1
| #define HAVE_UNISTD_H 1
| #define HAVE_DLFCN_H 1
| #define LT_OBJDIR ".libs/"
| #define HAVE_UUID_UUID_H 1
| #define HAVE_LIBUUID 1
| #define HAVE_PTHREAD_H 1
| #define HAVE_LIBPTHREAD 1
| #define HAVE_MNTENT_H 1
| /* end confdefs.h.  */
| #include <string.h>
| 
| 
| int
| main ()
| {
| #ifndef fls
| #ifdef __cplusplus
|   (void) fls;
| #else
|   (void) fls;
| #endif
| #endif
| 
|   ;
|   return 0;
| }
configure:14796: result: no
configure:14805: checking for readdir
configure:14822: gcc -o conftest -g -O2   conftest.c -lpthread -luuid  >&5
configure:14822: $? = 0
configure:14824: result: yes
configure:14834: checking whether fsetxattr is declared
configure:14834: gcc -c -g -O2  conftest.c >&5
configure:14834: $? = 0
configure:14834: result: yes
configure:14844: checking whether mremap is declared
configure:14844: gcc -c -g -O2  conftest.c >&5
configure:14844: $? = 0
configure:14844: result: yes
configure:14855: checking for struct fsxattr
configure:14855: gcc -c -g -O2  conftest.c >&5
configure:14855: $? = 0
configure:14855: gcc -c -g -O2  conftest.c >&5
conftest.c: In function 'main':
conftest.c:32:29: error: expected expression before ')' token
 if (sizeof ((struct fsxattr)))
                             ^
configure:14855: $? = 1
configure: failed program was:
| /* confdefs.h */
| #define PACKAGE_NAME "xfsprogs"
| #define PACKAGE_TARNAME "xfsprogs"
| #define PACKAGE_VERSION "4.14.0"
| #define PACKAGE_STRING "xfsprogs 4.14.0"
| #define PACKAGE_BUGREPORT "linux-xfs@vger.kernel.org"
| #define PACKAGE_URL ""
| #define STDC_HEADERS 1
| #define HAVE_SYS_TYPES_H 1
| #define HAVE_SYS_STAT_H 1
| #define HAVE_STDLIB_H 1
| #define HAVE_STRING_H 1
| #define HAVE_MEMORY_H 1
| #define HAVE_STRINGS_H 1
| #define HAVE_INTTYPES_H 1
| #define HAVE_STDINT_H 1
| #define HAVE_UNISTD_H 1
| #define HAVE_DLFCN_H 1
| #define LT_OBJDIR ".libs/"
| #define HAVE_UUID_UUID_H 1
| #define HAVE_LIBUUID 1
| #define HAVE_PTHREAD_H 1
| #define HAVE_LIBPTHREAD 1
| #define HAVE_MNTENT_H 1
| /* end confdefs.h.  */
| #include <linux/fs.h>
| 
| 
| int
| main ()
| {
| if (sizeof ((struct fsxattr)))
| 	    return 0;
|   ;
|   return 0;
| }
configure:14855: result: yes
configure:14860: checking for struct fsxattr.fsx_cowextsize
configure:14860: gcc -c -g -O2  conftest.c >&5
configure:14860: $? = 0
configure:14860: result: yes
configure:14874: checking for GETFSMAP
configure:14896: gcc -o conftest -g -O2   conftest.c -lpthread -luuid  >&5
configure:14896: $? = 0
configure:14898: result: yes
configure:14909: checking for struct statfs
configure:14909: gcc -c -g -O2  conftest.c >&5
configure:14909: $? = 0
configure:14909: gcc -c -g -O2  conftest.c >&5
conftest.c: In function 'main':
conftest.c:32:28: error: expected expression before ')' token
 if (sizeof ((struct statfs)))
                            ^
configure:14909: $? = 1
configure: failed program was:
| /* confdefs.h */
| #define PACKAGE_NAME "xfsprogs"
| #define PACKAGE_TARNAME "xfsprogs"
| #define PACKAGE_VERSION "4.14.0"
| #define PACKAGE_STRING "xfsprogs 4.14.0"
| #define PACKAGE_BUGREPORT "linux-xfs@vger.kernel.org"
| #define PACKAGE_URL ""
| #define STDC_HEADERS 1
| #define HAVE_SYS_TYPES_H 1
| #define HAVE_SYS_STAT_H 1
| #define HAVE_STDLIB_H 1
| #define HAVE_STRING_H 1
| #define HAVE_MEMORY_H 1
| #define HAVE_STRINGS_H 1
| #define HAVE_INTTYPES_H 1
| #define HAVE_STDINT_H 1
| #define HAVE_UNISTD_H 1
| #define HAVE_DLFCN_H 1
| #define LT_OBJDIR ".libs/"
| #define HAVE_UUID_UUID_H 1
| #define HAVE_LIBUUID 1
| #define HAVE_PTHREAD_H 1
| #define HAVE_LIBPTHREAD 1
| #define HAVE_MNTENT_H 1
| /* end confdefs.h.  */
| #include <sys/vfs.h>
| 
| 
| int
| main ()
| {
| if (sizeof ((struct statfs)))
| 	    return 0;
|   ;
|   return 0;
| }
configure:14909: result: yes
configure:14914: checking for struct statfs.f_flags
configure:14914: gcc -c -g -O2  conftest.c >&5
configure:14914: $? = 0
configure:14914: result: yes
configure:14926: checking for MAP_SYNC
configure:14944: gcc -c -g -O2  conftest.c >&5
conftest.c: In function 'main':
conftest.c:34:21: error: 'MAP_SYNC' undeclared (first use in this function); did you mean 'MS_SYNC'?
         int flags = MAP_SYNC | MAP_SHARED_VALIDATE;
                     ^~~~~~~~
                     MS_SYNC
conftest.c:34:21: note: each undeclared identifier is reported only once for each function it appears in
conftest.c:34:32: error: 'MAP_SHARED_VALIDATE' undeclared (first use in this function); did you mean 'MAP_SHARED'?
         int flags = MAP_SYNC | MAP_SHARED_VALIDATE;
                                ^~~~~~~~~~~~~~~~~~~
                                MAP_SHARED
configure:14944: $? = 1
configure: failed program was:
| /* confdefs.h */
| #define PACKAGE_NAME "xfsprogs"
| #define PACKAGE_TARNAME "xfsprogs"
| #define PACKAGE_VERSION "4.14.0"
| #define PACKAGE_STRING "xfsprogs 4.14.0"
| #define PACKAGE_BUGREPORT "linux-xfs@vger.kernel.org"
| #define PACKAGE_URL ""
| #define STDC_HEADERS 1
| #define HAVE_SYS_TYPES_H 1
| #define HAVE_SYS_STAT_H 1
| #define HAVE_STDLIB_H 1
| #define HAVE_STRING_H 1
| #define HAVE_MEMORY_H 1
| #define HAVE_STRINGS_H 1
| #define HAVE_INTTYPES_H 1
| #define HAVE_STDINT_H 1
| #define HAVE_UNISTD_H 1
| #define HAVE_DLFCN_H 1
| #define LT_OBJDIR ".libs/"
| #define HAVE_UUID_UUID_H 1
| #define HAVE_LIBUUID 1
| #define HAVE_PTHREAD_H 1
| #define HAVE_LIBPTHREAD 1
| #define HAVE_MNTENT_H 1
| /* end confdefs.h.  */
| 
| #include <asm-generic/mman.h>
| #include <asm-generic/mman-common.h>
| 
| int
| main ()
| {
| 
|         int flags = MAP_SYNC | MAP_SHARED_VALIDATE;
| 
|   ;
|   return 0;
| }
configure:14949: result: no
configure:14955: checking for library containing dm_task_create
configure:14986: gcc -o conftest -g -O2   conftest.c -lpthread -luuid  >&5
/tmp/ccO4qDiq.o: In function `main':
/home/billodo/devel/xfsprogs-dev/conftest.c:37: undefined reference to `dm_task_create'
collect2: error: ld returned 1 exit status
configure:14986: $? = 1
configure: failed program was:
| /* confdefs.h */
| #define PACKAGE_NAME "xfsprogs"
| #define PACKAGE_TARNAME "xfsprogs"
| #define PACKAGE_VERSION "4.14.0"
| #define PACKAGE_STRING "xfsprogs 4.14.0"
| #define PACKAGE_BUGREPORT "linux-xfs@vger.kernel.org"
| #define PACKAGE_URL ""
| #define STDC_HEADERS 1
| #define HAVE_SYS_TYPES_H 1
| #define HAVE_SYS_STAT_H 1
| #define HAVE_STDLIB_H 1
| #define HAVE_STRING_H 1
| #define HAVE_MEMORY_H 1
| #define HAVE_STRINGS_H 1
| #define HAVE_INTTYPES_H 1
| #define HAVE_STDINT_H 1
| #define HAVE_UNISTD_H 1
| #define HAVE_DLFCN_H 1
| #define LT_OBJDIR ".libs/"
| #define HAVE_UUID_UUID_H 1
| #define HAVE_LIBUUID 1
| #define HAVE_PTHREAD_H 1
| #define HAVE_LIBPTHREAD 1
| #define HAVE_MNTENT_H 1
| /* end confdefs.h.  */
| 
| /* Override any GCC internal prototype to avoid an error.
|    Use char because int might match the return type of a GCC
|    builtin and then its argument prototype would still apply.  */
| #ifdef __cplusplus
| extern "C"
| #endif
| char dm_task_create ();
| int
| main ()
| {
| return dm_task_create ();
|   ;
|   return 0;
| }
configure:14986: gcc -o conftest -g -O2   conftest.c -ldevmapper  -lpthread -luuid  >&5
/usr/bin/ld: cannot find -ldevmapper
collect2: error: ld returned 1 exit status
configure:14986: $? = 1
configure: failed program was:
| /* confdefs.h */
| #define PACKAGE_NAME "xfsprogs"
| #define PACKAGE_TARNAME "xfsprogs"
| #define PACKAGE_VERSION "4.14.0"
| #define PACKAGE_STRING "xfsprogs 4.14.0"
| #define PACKAGE_BUGREPORT "linux-xfs@vger.kernel.org"
| #define PACKAGE_URL ""
| #define STDC_HEADERS 1
| #define HAVE_SYS_TYPES_H 1
| #define HAVE_SYS_STAT_H 1
| #define HAVE_STDLIB_H 1
| #define HAVE_STRING_H 1
| #define HAVE_MEMORY_H 1
| #define HAVE_STRINGS_H 1
| #define HAVE_INTTYPES_H 1
| #define HAVE_STDINT_H 1
| #define HAVE_UNISTD_H 1
| #define HAVE_DLFCN_H 1
| #define LT_OBJDIR ".libs/"
| #define HAVE_UUID_UUID_H 1
| #define HAVE_LIBUUID 1
| #define HAVE_PTHREAD_H 1
| #define HAVE_LIBPTHREAD 1
| #define HAVE_MNTENT_H 1
| /* end confdefs.h.  */
| 
| /* Override any GCC internal prototype to avoid an error.
|    Use char because int might match the return type of a GCC
|    builtin and then its argument prototype would still apply.  */
| #ifdef __cplusplus
| extern "C"
| #endif
| char dm_task_create ();
| int
| main ()
| {
| return dm_task_create ();
|   ;
|   return 0;
| }
configure:15003: result: no
configure:15020: checking for library containing blkid_probe_all
configure:15051: gcc -o conftest -g -O2   conftest.c -lpthread -luuid  >&5
/tmp/ccnvTmrv.o: In function `main':
/home/billodo/devel/xfsprogs-dev/conftest.c:37: undefined reference to `blkid_probe_all'
collect2: error: ld returned 1 exit status
configure:15051: $? = 1
configure: failed program was:
| /* confdefs.h */
| #define PACKAGE_NAME "xfsprogs"
| #define PACKAGE_TARNAME "xfsprogs"
| #define PACKAGE_VERSION "4.14.0"
| #define PACKAGE_STRING "xfsprogs 4.14.0"
| #define PACKAGE_BUGREPORT "linux-xfs@vger.kernel.org"
| #define PACKAGE_URL ""
| #define STDC_HEADERS 1
| #define HAVE_SYS_TYPES_H 1
| #define HAVE_SYS_STAT_H 1
| #define HAVE_STDLIB_H 1
| #define HAVE_STRING_H 1
| #define HAVE_MEMORY_H 1
| #define HAVE_STRINGS_H 1
| #define HAVE_INTTYPES_H 1
| #define HAVE_STDINT_H 1
| #define HAVE_UNISTD_H 1
| #define HAVE_DLFCN_H 1
| #define LT_OBJDIR ".libs/"
| #define HAVE_UUID_UUID_H 1
| #define HAVE_LIBUUID 1
| #define HAVE_PTHREAD_H 1
| #define HAVE_LIBPTHREAD 1
| #define HAVE_MNTENT_H 1
| /* end confdefs.h.  */
| 
| /* Override any GCC internal prototype to avoid an error.
|    Use char because int might match the return type of a GCC
|    builtin and then its argument prototype would still apply.  */
| #ifdef __cplusplus
| extern "C"
| #endif
| char blkid_probe_all ();
| int
| main ()
| {
| return blkid_probe_all ();
|   ;
|   return 0;
| }
configure:15051: gcc -o conftest -g -O2   conftest.c -lblkid  -lpthread -luuid  >&5
configure:15051: $? = 0
configure:15068: result: -lblkid
configure:15078: checking for blkid_probe_get_topology
configure:15078: gcc -o conftest -g -O2   conftest.c -lblkid -lpthread -luuid  >&5
configure:15078: $? = 0
configure:15078: result: yes
configure:15234: checking size of long
configure:15239: gcc -o conftest -g -O2   conftest.c -lblkid -lpthread -luuid  >&5
configure:15239: $? = 0
configure:15239: ./conftest
configure:15239: $? = 0
configure:15253: result: 8
configure:15267: checking size of char *
configure:15272: gcc -o conftest -g -O2   conftest.c -lblkid -lpthread -luuid  >&5
configure:15272: $? = 0
configure:15272: ./conftest
configure:15272: $? = 0
configure:15286: result: 8
configure:15296: checking for umode_t
configure:15313: gcc -c -g -O2  conftest.c >&5
conftest.c: In function 'main':
conftest.c:36:10: error: unknown type name 'umode_t'
          umode_t umode;
          ^~~~~~~
configure:15313: $? = 1
configure: failed program was:
| /* confdefs.h */
| #define PACKAGE_NAME "xfsprogs"
| #define PACKAGE_TARNAME "xfsprogs"
| #define PACKAGE_VERSION "4.14.0"
| #define PACKAGE_STRING "xfsprogs 4.14.0"
| #define PACKAGE_BUGREPORT "linux-xfs@vger.kernel.org"
| #define PACKAGE_URL ""
| #define STDC_HEADERS 1
| #define HAVE_SYS_TYPES_H 1
| #define HAVE_SYS_STAT_H 1
| #define HAVE_STDLIB_H 1
| #define HAVE_STRING_H 1
| #define HAVE_MEMORY_H 1
| #define HAVE_STRINGS_H 1
| #define HAVE_INTTYPES_H 1
| #define HAVE_STDINT_H 1
| #define HAVE_UNISTD_H 1
| #define HAVE_DLFCN_H 1
| #define LT_OBJDIR ".libs/"
| #define HAVE_UUID_UUID_H 1
| #define HAVE_LIBUUID 1
| #define HAVE_PTHREAD_H 1
| #define HAVE_LIBPTHREAD 1
| #define HAVE_MNTENT_H 1
| #define HAVE_BLKID_PROBE_GET_TOPOLOGY 1
| #define SIZEOF_LONG 8
| #define SIZEOF_CHAR_P 8
| /* end confdefs.h.  */
| 
| #include <asm/types.h>
| 
| int
| main ()
| {
| 
|          umode_t umode;
| 
|   ;
|   return 0;
| }
configure:15318: result: no
configure:15450: creating ./config.status

## ---------------------- ##
## Running config.status. ##
## ---------------------- ##

This file was extended by xfsprogs config.status 4.14.0, which was
generated by GNU Autoconf 2.69.  Invocation command line was

  CONFIG_FILES    = 
  CONFIG_HEADERS  = 
  CONFIG_LINKS    = 
  CONFIG_COMMANDS = 
  $ ./config.status 

on localhost.localdomain

config.status:1184: creating include/builddefs
config.status:1184: creating include/platform_defs.h
config.status:1359: include/platform_defs.h is unchanged
config.status:1373: executing libtool commands

## ---------------- ##
## Cache variables. ##
## ---------------- ##

ac_cv_build=x86_64-unknown-linux-gnu
ac_cv_c_compiler_gnu=yes
ac_cv_env_BUILD_CC_set=
ac_cv_env_BUILD_CC_value=
ac_cv_env_BUILD_CFLAGS_set=
ac_cv_env_BUILD_CFLAGS_value=
ac_cv_env_CC_set=
ac_cv_env_CC_value=
ac_cv_env_CFLAGS_set=
ac_cv_env_CFLAGS_value=
ac_cv_env_CPPFLAGS_set=
ac_cv_env_CPPFLAGS_value=
ac_cv_env_CPP_set=
ac_cv_env_CPP_value=
ac_cv_env_LDFLAGS_set=
ac_cv_env_LDFLAGS_value=
ac_cv_env_LIBS_set=
ac_cv_env_LIBS_value=
ac_cv_env_LT_SYS_LIBRARY_PATH_set=
ac_cv_env_LT_SYS_LIBRARY_PATH_value=
ac_cv_env_build_alias_set=
ac_cv_env_build_alias_value=
ac_cv_env_host_alias_set=
ac_cv_env_host_alias_value=
ac_cv_env_target_alias_set=
ac_cv_env_target_alias_value=
ac_cv_func_blkid_probe_get_topology=yes
ac_cv_func_uuid_compare=no
ac_cv_gcc_nodeps=yes
ac_cv_have_decl_fls=no
ac_cv_have_decl_fsetxattr=yes
ac_cv_have_decl_mremap=yes
ac_cv_header_dlfcn_h=yes
ac_cv_header_inttypes_h=yes
ac_cv_header_memory_h=yes
ac_cv_header_mntent_h=yes
ac_cv_header_pthread_h=yes
ac_cv_header_stdc=yes
ac_cv_header_stdint_h=yes
ac_cv_header_stdlib_h=yes
ac_cv_header_string_h=yes
ac_cv_header_strings_h=yes
ac_cv_header_sys_stat_h=yes
ac_cv_header_sys_types_h=yes
ac_cv_header_sys_uuid_h=no
ac_cv_header_unistd_h=yes
ac_cv_header_uuid_h=no
ac_cv_header_uuid_uuid_h=yes
ac_cv_host=x86_64-unknown-linux-gnu
ac_cv_lib_pthread_pthread_mutex_init=yes
ac_cv_lib_uuid_uuid_compare=yes
ac_cv_member_struct_fsxattr_fsx_cowextsize=yes
ac_cv_member_struct_statfs_f_flags=yes
ac_cv_objext=o
ac_cv_path_EGREP='/usr/bin/grep -E'
ac_cv_path_FGREP='/usr/bin/grep -F'
ac_cv_path_GREP=/usr/bin/grep
ac_cv_path_MAKE=/usr/bin/gmake
ac_cv_path_MSGFMT=/usr/bin/msgfmt
ac_cv_path_MSGMERGE=/usr/bin/msgmerge
ac_cv_path_RPM=/usr/bin/rpm
ac_cv_path_RPMBUILD=/usr/bin/rpmbuild
ac_cv_path_SED=/usr/bin/sed
ac_cv_path_SORT=/bin/sort
ac_cv_path_TAR=/usr/bin/tar
ac_cv_path_XGETTEXT=/usr/bin/xgettext
ac_cv_path_ZIP=/usr/bin/gzip
ac_cv_path_install='/usr/bin/install -c'
ac_cv_path_lt_DD=/usr/bin/dd
ac_cv_prog_AWK=gawk
ac_cv_prog_CPP='gcc -E'
ac_cv_prog_ac_ct_AR=ar
ac_cv_prog_ac_ct_CC=gcc
ac_cv_prog_ac_ct_OBJDUMP=objdump
ac_cv_prog_ac_ct_RANLIB=ranlib
ac_cv_prog_ac_ct_STRIP=strip
ac_cv_prog_cc_c89=
ac_cv_prog_cc_g=yes
ac_cv_search_blkid_probe_all=-lblkid
ac_cv_search_dm_task_create=no
ac_cv_sizeof_char_p=8
ac_cv_sizeof_long=8
ac_cv_type_struct_fsxattr=yes
ac_cv_type_struct_statfs=yes
lt_cv_ar_at_file=@
lt_cv_archive_cmds_need_lc=no
lt_cv_deplibs_check_method=pass_all
lt_cv_file_magic_cmd='$MAGIC_CMD'
lt_cv_file_magic_test_file=
lt_cv_ld_reload_flag=-r
lt_cv_nm_interface='BSD nm'
lt_cv_objdir=.libs
lt_cv_path_LD=/usr/bin/ld
lt_cv_path_NM='/usr/bin/nm -B'
lt_cv_path_mainfest_tool=no
lt_cv_prog_compiler_c_o=yes
lt_cv_prog_compiler_pic='-fPIC -DPIC'
lt_cv_prog_compiler_pic_works=yes
lt_cv_prog_compiler_rtti_exceptions=no
lt_cv_prog_compiler_static_works=no
lt_cv_prog_gnu_ld=yes
lt_cv_sharedlib_from_linklib_cmd='printf %s\n'
lt_cv_shlibpath_overrides_runpath=no
lt_cv_sys_global_symbol_pipe='sed -n -e '\''s/^.*[	 ]\([ABCDGIRSTW][ABCDGIRSTW]*\)[	 ][	 ]*\([_A-Za-z][_A-Za-z0-9]*\)$/\1 \2 \2/p'\'' | sed '\''/ __gnu_lto/d'\'''
lt_cv_sys_global_symbol_to_c_name_address='sed -n -e '\''s/^: \(.*\) .*$/  {"\1", (void *) 0},/p'\'' -e '\''s/^[ABCDGIRSTW][ABCDGIRSTW]* .* \(.*\)$/  {"\1", (void *) \&\1},/p'\'''
lt_cv_sys_global_symbol_to_c_name_address_lib_prefix='sed -n -e '\''s/^: \(.*\) .*$/  {"\1", (void *) 0},/p'\'' -e '\''s/^[ABCDGIRSTW][ABCDGIRSTW]* .* \(lib.*\)$/  {"\1", (void *) \&\1},/p'\'' -e '\''s/^[ABCDGIRSTW][ABCDGIRSTW]* .* \(.*\)$/  {"lib\1", (void *) \&\1},/p'\'''
lt_cv_sys_global_symbol_to_cdecl='sed -n -e '\''s/^T .* \(.*\)$/extern int \1();/p'\'' -e '\''s/^[ABCDGIRSTW][ABCDGIRSTW]* .* \(.*\)$/extern char \1;/p'\'''
lt_cv_sys_global_symbol_to_import=
lt_cv_sys_max_cmd_len=1572864
lt_cv_to_host_file_cmd=func_convert_file_noop
lt_cv_to_tool_file_cmd=func_convert_file_noop
lt_cv_truncate_bin='/usr/bin/dd bs=4096 count=1'

## ----------------- ##
## Output variables. ##
## ----------------- ##

AR='ar'
AWK='gawk'
BUILD_CC='gcc'
BUILD_CFLAGS='-g -O2'
CC='gcc'
CFLAGS='-g -O2'
CPP='gcc -E'
CPPFLAGS=''
DEFS='-DHAVE_CONFIG_H'
DLLTOOL='false'
DSYMUTIL=''
DUMPBIN=''
ECHO='printf %s\n'
ECHO_C=''
ECHO_N='-n'
ECHO_T=''
EGREP='/usr/bin/grep -E'
EXEEXT=''
FGREP='/usr/bin/grep -F'
GREP='/usr/bin/grep'
INSTALL_DATA='${INSTALL} -m 644'
INSTALL_PROGRAM='${INSTALL}'
INSTALL_SCRIPT='${INSTALL}'
LD='/usr/bin/ld -m elf_x86_64'
LDFLAGS=''
LIBOBJS=''
LIBS='-lblkid -lpthread -luuid '
LIBTOOL='$(SHELL) $(top_builddir)/libtool'
LIPO=''
LN_S='ln -s'
LOCALIZED_FILES=' $(TOPDIR)/./copy/xfs_copy.c $(TOPDIR)/./logprint/logprint.c $(TOPDIR)/./logprint/log_redo.c $(TOPDIR)/./logprint/log_print_trans.c $(TOPDIR)/./logprint/log_misc.c $(TOPDIR)/./logprint/log_print_all.c $(TOPDIR)/./logprint/log_dump.c $(TOPDIR)/./logprint/log_copy.c $(TOPDIR)/./fsr/xfs_fsr.c $(TOPDIR)/./mdrestore/xfs_mdrestore.c $(TOPDIR)/./libhandle/jdm.c $(TOPDIR)/./libhandle/handle.c $(TOPDIR)/./libfrog/convert.c $(TOPDIR)/./libfrog/avl64.c $(TOPDIR)/./libfrog/topology.c $(TOPDIR)/./libfrog/util.c $(TOPDIR)/./libfrog/paths.c $(TOPDIR)/./libfrog/workqueue.c $(TOPDIR)/./libfrog/list_sort.c $(TOPDIR)/./libfrog/projects.c $(TOPDIR)/./libfrog/radix-tree.c $(TOPDIR)/./io/freeze.c $(TOPDIR)/./io/mincore.c $(TOPDIR)/./io/shutdown.c $(TOPDIR)/./io/madvise.c $(TOPDIR)/./io/resblks.c $(TOPDIR)/./io/seek.c $(TOPDIR)/./io/link.c $(TOPDIR)/./io/stat.c $(TOPDIR)/./io/attr.c $(TOPDIR)/./io/scrub.c $(TOPDIR)/./io/fsmap.c $(TOPDIR)/./io/bmap.c $(TOPDIR)/./io/file.c $(TOPDIR)/./io/sync_file_range.c $(TOPDIR)/./io/reflink.c $(TOPDIR)/./io/pwrite.c $(TOPDIR)/./io/sendfile.c $(TOPDIR)/./io/inject.c $(TOPDIR)/./io/imap.c $(TOPDIR)/./io/log_writes.c $(TOPDIR)/./io/mmap.c $(TOPDIR)/./io/encrypt.c $(TOPDIR)/./io/copy_file_range.c $(TOPDIR)/./io/readdir.c $(TOPDIR)/./io/getrusage.c $(TOPDIR)/./io/parent.c $(TOPDIR)/./io/open.c $(TOPDIR)/./io/init.c $(TOPDIR)/./io/truncate.c $(TOPDIR)/./io/cowextsize.c $(TOPDIR)/./io/sync.c $(TOPDIR)/./io/fadvise.c $(TOPDIR)/./io/pread.c $(TOPDIR)/./io/fiemap.c $(TOPDIR)/./io/fsync.c $(TOPDIR)/./io/utimes.c $(TOPDIR)/./io/prealloc.c $(TOPDIR)/./libxcmd/help.c $(TOPDIR)/./libxcmd/input.c $(TOPDIR)/./libxcmd/command.c $(TOPDIR)/./libxcmd/quit.c $(TOPDIR)/./growfs/xfs_growfs.c $(TOPDIR)/./repair/agheader.c $(TOPDIR)/./repair/versions.c $(TOPDIR)/./repair/incore.c $(TOPDIR)/./repair/scan.c $(TOPDIR)/./repair/attr_repair.c $(TOPDIR)/./repair/avl.c $(TOPDIR)/./repair/phase4.c $(TOPDIR)/./repair/dinode.c $(TOPDIR)/./repair/bmap.c $(TOPDIR)/./repair/phase6.c $(TOPDIR)/./repair/globals.c $(TOPDIR)/./repair/incore_ino.c $(TOPDIR)/./repair/xfs_repair.c $(TOPDIR)/./repair/btree.c $(TOPDIR)/./repair/dir2.c $(TOPDIR)/./repair/incore_bmc.c $(TOPDIR)/./repair/phase5.c $(TOPDIR)/./repair/da_util.c $(TOPDIR)/./repair/phase2.c $(TOPDIR)/./repair/phase7.c $(TOPDIR)/./repair/threads.c $(TOPDIR)/./repair/sb.c $(TOPDIR)/./repair/phase1.c $(TOPDIR)/./repair/slab.c $(TOPDIR)/./repair/init.c $(TOPDIR)/./repair/progress.c $(TOPDIR)/./repair/rmap.c $(TOPDIR)/./repair/incore_ext.c $(TOPDIR)/./repair/prefetch.c $(TOPDIR)/./repair/dino_chunks.c $(TOPDIR)/./repair/phase3.c $(TOPDIR)/./repair/rt.c $(TOPDIR)/./rtcp/xfs_rtcp.c $(TOPDIR)/./mkfs/proto.c $(TOPDIR)/./mkfs/xfs_mkfs.c $(TOPDIR)/./libxfs/xfs_rmap_btree.c $(TOPDIR)/./libxfs/xfs_dir2_sf.c $(TOPDIR)/./libxfs/xfs_refcount_btree.c $(TOPDIR)/./libxfs/defer_item.c $(TOPDIR)/./libxfs/crc32.c $(TOPDIR)/./libxfs/xfs_ag_resv.c $(TOPDIR)/./libxfs/xfs_defer.c $(TOPDIR)/./libxfs/xfs_dir2_data.c $(TOPDIR)/./libxfs/xfs_attr.c $(TOPDIR)/./libxfs/xfs_trans_resv.c $(TOPDIR)/./libxfs/util.c $(TOPDIR)/./libxfs/xfs_dir2_leaf.c $(TOPDIR)/./libxfs/freebsd.c $(TOPDIR)/./libxfs/xfs_sb.c $(TOPDIR)/./libxfs/darwin.c $(TOPDIR)/./libxfs/xfs_btree.c $(TOPDIR)/./libxfs/xfs_dir2_block.c $(TOPDIR)/./libxfs/xfs_rmap.c $(TOPDIR)/./libxfs/xfs_dquot_buf.c $(TOPDIR)/./libxfs/xfs_dir2.c $(TOPDIR)/./libxfs/xfs_bit.c $(TOPDIR)/./libxfs/xfs_symlink_remote.c $(TOPDIR)/./libxfs/xfs_ialloc.c $(TOPDIR)/./libxfs/trans.c $(TOPDIR)/./libxfs/cache.c $(TOPDIR)/./libxfs/xfs_refcount.c $(TOPDIR)/./libxfs/xfs_rtbitmap.c $(TOPDIR)/./libxfs/xfs_attr_remote.c $(TOPDIR)/./libxfs/kmem.c $(TOPDIR)/./libxfs/linux.c $(TOPDIR)/./libxfs/xfs_da_btree.c $(TOPDIR)/./libxfs/logitem.c $(TOPDIR)/./libxfs/xfs_da_format.c $(TOPDIR)/./libxfs/xfs_attr_leaf.c $(TOPDIR)/./libxfs/xfs_dir2_node.c $(TOPDIR)/./libxfs/irix.c $(TOPDIR)/./libxfs/init.c $(TOPDIR)/./libxfs/xfs_bmap_btree.c $(TOPDIR)/./libxfs/xfs_iext_tree.c $(TOPDIR)/./libxfs/xfs_alloc_btree.c $(TOPDIR)/./libxfs/xfs_bmap.c $(TOPDIR)/./libxfs/xfs_alloc.c $(TOPDIR)/./libxfs/xfs_ialloc_btree.c $(TOPDIR)/./libxfs/xfs_inode_buf.c $(TOPDIR)/./libxfs/gen_crc32table.c $(TOPDIR)/./libxfs/xfs_inode_fork.c $(TOPDIR)/./libxfs/rdwr.c $(TOPDIR)/./libxfs/xfs_log_rlimit.c $(TOPDIR)/./quota/quota.c $(TOPDIR)/./quota/free.c $(TOPDIR)/./quota/state.c $(TOPDIR)/./quota/quot.c $(TOPDIR)/./quota/util.c $(TOPDIR)/./quota/freebsd.c $(TOPDIR)/./quota/darwin.c $(TOPDIR)/./quota/edit.c $(TOPDIR)/./quota/linux.c $(TOPDIR)/./quota/report.c $(TOPDIR)/./quota/irix.c $(TOPDIR)/./quota/init.c $(TOPDIR)/./quota/path.c $(TOPDIR)/./quota/project.c $(TOPDIR)/./libxlog/util.c $(TOPDIR)/./libxlog/xfs_log_recover.c $(TOPDIR)/./db/malloc.c $(TOPDIR)/./db/btblock.c $(TOPDIR)/./db/field.c $(TOPDIR)/./db/output.c $(TOPDIR)/./db/btdump.c $(TOPDIR)/./db/convert.c $(TOPDIR)/./db/fuzz.c $(TOPDIR)/./db/block.c $(TOPDIR)/./db/attrshort.c $(TOPDIR)/./db/crc.c $(TOPDIR)/./db/type.c $(TOPDIR)/./db/attr.c $(TOPDIR)/./db/echo.c $(TOPDIR)/./db/bit.c $(TOPDIR)/./db/bmroot.c $(TOPDIR)/./db/help.c $(TOPDIR)/./db/fprint.c $(TOPDIR)/./db/write.c $(TOPDIR)/./db/fsmap.c $(TOPDIR)/./db/bmap.c $(TOPDIR)/./db/input.c $(TOPDIR)/./db/freesp.c $(TOPDIR)/./db/check.c $(TOPDIR)/./db/dir2.c $(TOPDIR)/./db/symlink.c $(TOPDIR)/./db/dir2sf.c $(TOPDIR)/./db/flist.c $(TOPDIR)/./db/debug.c $(TOPDIR)/./db/dquot.c $(TOPDIR)/./db/frag.c $(TOPDIR)/./db/agf.c $(TOPDIR)/./db/inode.c $(TOPDIR)/./db/print.c $(TOPDIR)/./db/io.c $(TOPDIR)/./db/sb.c $(TOPDIR)/./db/agfl.c $(TOPDIR)/./db/sig.c $(TOPDIR)/./db/metadump.c $(TOPDIR)/./db/strvec.c $(TOPDIR)/./db/command.c $(TOPDIR)/./db/init.c $(TOPDIR)/./db/addr.c $(TOPDIR)/./db/hash.c $(TOPDIR)/./db/logformat.c $(TOPDIR)/./db/attrset.c $(TOPDIR)/./db/text.c $(TOPDIR)/./db/faddr.c $(TOPDIR)/./db/agi.c $(TOPDIR)/./db/quit.c $(TOPDIR)/./spaceman/file.c $(TOPDIR)/./spaceman/freesp.c $(TOPDIR)/./spaceman/init.c $(TOPDIR)/./spaceman/trim.c $(TOPDIR)/./spaceman/prealloc.c $(TOPDIR)/./estimate/xfs_estimate.c'
LTLIBOBJS=''
LT_SYS_LIBRARY_PATH=''
MAKE='/usr/bin/gmake'
MANIFEST_TOOL=':'
MSGFMT='/usr/bin/msgfmt'
MSGMERGE='/usr/bin/msgmerge'
NM='/usr/bin/nm -B'
NMEDIT=''
OBJDUMP='objdump'
OBJEXT='o'
OTOOL64=''
OTOOL=''
PACKAGE_BUGREPORT='linux-xfs@vger.kernel.org'
PACKAGE_NAME='xfsprogs'
PACKAGE_STRING='xfsprogs 4.14.0'
PACKAGE_TARNAME='xfsprogs'
PACKAGE_URL=''
PACKAGE_VERSION='4.14.0'
PATH_SEPARATOR=':'
RANLIB='ranlib'
RPM='/usr/bin/rpm'
RPMBUILD='/usr/bin/rpmbuild'
SED='/usr/bin/sed'
SHELL='/bin/sh'
SORT='/bin/sort'
STRIP='strip'
TAR='/usr/bin/tar'
XGETTEXT='/usr/bin/xgettext'
ZIP='/usr/bin/gzip'
ac_ct_AR='ar'
ac_ct_CC='gcc'
ac_ct_DUMPBIN=''
addrsan_cflags=''
addrsan_ldflags=''
awk='gawk'
bindir='${exec_prefix}/bin'
build='x86_64-unknown-linux-gnu'
build_alias=''
build_cpu='x86_64'
build_os='linux-gnu'
build_vendor='unknown'
cc='gcc'
datadir='${datarootdir}'
datarootdir='${prefix}/share'
debug_build='-DDEBUG'
docdir='${datarootdir}/doc/${PACKAGE_TARNAME}'
dvidir='${docdir}'
echo='printf %s\n'
enable_addrsan='no'
enable_blkid='yes'
enable_editline='no'
enable_gettext='yes'
enable_lib64='no'
enable_librt='yes'
enable_readline='no'
enable_shared='yes'
enable_threadsan='no'
enable_ubsan='no'
exec_prefix='${prefix}'
have_addrsan=''
have_copy_file_range='yes'
have_devmapper='no'
have_fadvise='yes'
have_fallocate='yes'
have_fiemap='yes'
have_fls=''
have_fsetxattr='yes'
have_getfsmap='yes'
have_getmntent='yes'
have_getmntinfo=''
have_madvise='yes'
have_map_sync=''
have_mincore='yes'
have_mntent='yes'
have_mremap='yes'
have_preadv='yes'
have_pwritev2='yes'
have_readdir='yes'
have_sendfile='yes'
have_statfs_flags='yes'
have_sync_file_range='yes'
have_syncfs='yes'
have_threadsan=''
have_ubsan=''
have_zipped_manpages='false'
host='x86_64-unknown-linux-gnu'
host_alias=''
host_cpu='x86_64'
host_os='linux-gnu'
host_vendor='unknown'
htmldir='${docdir}'
includedir='${prefix}/include'
infodir='${datarootdir}/info'
libblkid='-lblkid'
libdevmapper=''
libdir='${exec_prefix}/lib64'
libdirsuffix=''
libeditline=''
libexecdir='${exec_prefix}/libexec'
libpthread='-lpthread'
libreadline=''
librt='-lrt'
libtermcap=''
libuuid='-luuid'
localedir='${datarootdir}/locale'
localstatedir='/var'
make='/usr/bin/gmake'
makedepend='gcc -MM'
malloc_lib=''
mandir='${datarootdir}/man'
msgfmt='/usr/bin/msgfmt'
msgmerge='/usr/bin/msgmerge'
need_internal_fsxattr=''
oldincludedir='/usr/include'
opt_build='-g -O2'
pdfdir='${docdir}'
pkg_distribution='Linux'
pkg_group='billodo'
pkg_name='xfsprogs'
pkg_platform='linux'
pkg_release='1'
pkg_user='billodo'
pkg_version='4.14.0'
prefix='/usr'
program_transform_name='s,x,x,'
psdir='${docdir}'
root_libdir='/lib64'
root_sbindir='/sbin'
rpm='/usr/bin/rpm'
rpm_version='4'
rpmbuild='/usr/bin/rpmbuild'
sbindir='${exec_prefix}/sbin'
sed='/usr/bin/sed'
sharedstatedir='/var'
sort='/bin/sort'
sysconfdir='/etc'
tar='/usr/bin/tar'
target_alias=''
threadsan_cflags=''
threadsan_ldflags=''
ubsan_cflags=''
ubsan_ldflags=''
xgettext='/usr/bin/xgettext'
zip='/usr/bin/gzip'

## ----------- ##
## confdefs.h. ##
## ----------- ##

/* confdefs.h */
#define PACKAGE_NAME "xfsprogs"
#define PACKAGE_TARNAME "xfsprogs"
#define PACKAGE_VERSION "4.14.0"
#define PACKAGE_STRING "xfsprogs 4.14.0"
#define PACKAGE_BUGREPORT "linux-xfs@vger.kernel.org"
#define PACKAGE_URL ""
#define STDC_HEADERS 1
#define HAVE_SYS_TYPES_H 1
#define HAVE_SYS_STAT_H 1
#define HAVE_STDLIB_H 1
#define HAVE_STRING_H 1
#define HAVE_MEMORY_H 1
#define HAVE_STRINGS_H 1
#define HAVE_INTTYPES_H 1
#define HAVE_STDINT_H 1
#define HAVE_UNISTD_H 1
#define HAVE_DLFCN_H 1
#define LT_OBJDIR ".libs/"
#define HAVE_UUID_UUID_H 1
#define HAVE_LIBUUID 1
#define HAVE_PTHREAD_H 1
#define HAVE_LIBPTHREAD 1
#define HAVE_MNTENT_H 1
#define HAVE_BLKID_PROBE_GET_TOPOLOGY 1
#define SIZEOF_LONG 8
#define SIZEOF_CHAR_P 8

configure: exit 0
